<?xml version="1.0" encoding="UTF-8"?>
<testsuite xmlns:xsi="http://www.w3.org/2001/XMLSchema-instance" xsi:noNamespaceSchemaLocation="https://maven.apache.org/surefire/maven-surefire-plugin/xsd/surefire-test-report-3.0.xsd" version="3.0" name="MainTest" time="0.024" tests="1" errors="0" skipped="0" failures="0">
  <properties>
    <property name="java.specification.version" value="21"/>
    <property name="sun.cpu.isalist" value="amd64"/>
    <property name="sun.jnu.encoding" value="Cp1250"/>
    <property name="java.class.path" value="C:\Users\Macie\IdeaProjects\java_studia\target\test-classes;C:\Users\Macie\IdeaProjects\java_studia\target\classes;C:\Users\Macie\.m2\repository\org\slf4j\slf4j-api\2.0.7\slf4j-api-2.0.7.jar;C:\Users\Macie\.m2\repository\org\junit\jupiter\junit-jupiter\5.10.0\junit-jupiter-5.10.0.jar;C:\Users\Macie\.m2\repository\org\junit\jupiter\junit-jupiter-api\5.10.0\junit-jupiter-api-5.10.0.jar;C:\Users\Macie\.m2\repository\org\opentest4j\opentest4j\1.3.0\opentest4j-1.3.0.jar;C:\Users\Macie\.m2\repository\org\junit\platform\junit-platform-commons\1.10.0\junit-platform-commons-1.10.0.jar;C:\Users\Macie\.m2\repository\org\apiguardian\apiguardian-api\1.1.2\apiguardian-api-1.1.2.jar;C:\Users\Macie\.m2\repository\org\junit\jupiter\junit-jupiter-params\5.10.0\junit-jupiter-params-5.10.0.jar;C:\Users\Macie\.m2\repository\org\junit\jupiter\junit-jupiter-engine\5.10.0\junit-jupiter-engine-5.10.0.jar;C:\Users\Macie\.m2\repository\org\junit\platform\junit-platform-engine\1.10.0\junit-platform-engine-1.10.0.jar;C:\Users\Macie\.m2\repository\org\mockito\mockito-core\4.11.0\mockito-core-4.11.0.jar;C:\Users\Macie\.m2\repository\net\bytebuddy\byte-buddy\1.12.19\byte-buddy-1.12.19.jar;C:\Users\Macie\.m2\repository\net\bytebuddy\byte-buddy-agent\1.12.19\byte-buddy-agent-1.12.19.jar;C:\Users\Macie\.m2\repository\org\objenesis\objenesis\3.3\objenesis-3.3.jar;"/>
    <property name="java.vm.vendor" value="Oracle Corporation"/>
    <property name="sun.arch.data.model" value="64"/>
    <property name="user.variant" value=""/>
    <property name="java.vendor.url" value="https://java.oracle.com/"/>
    <property name="user.timezone" value="Europe/Warsaw"/>
    <property name="os.name" value="Windows 11"/>
    <property name="java.vm.specification.version" value="21"/>
    <property name="sun.java.launcher" value="SUN_STANDARD"/>
    <property name="user.country" value="PL"/>
    <property name="sun.boot.library.path" value="C:\Program Files\Java\jdk-21\bin"/>
    <property name="sun.java.command" value="C:\Users\Macie\AppData\Local\Temp\surefire18219333205649126730\surefirebooter-20241120202533642_3.jar C:\Users\Macie\AppData\Local\Temp\surefire18219333205649126730 2024-11-20T20-25-33_559-jvmRun1 surefire-20241120202533642_1tmp surefire_0-20241120202533642_2tmp"/>
    <property name="jdk.debug" value="release"/>
    <property name="surefire.test.class.path" value="C:\Users\Macie\IdeaProjects\java_studia\target\test-classes;C:\Users\Macie\IdeaProjects\java_studia\target\classes;C:\Users\Macie\.m2\repository\org\slf4j\slf4j-api\2.0.7\slf4j-api-2.0.7.jar;C:\Users\Macie\.m2\repository\org\junit\jupiter\junit-jupiter\5.10.0\junit-jupiter-5.10.0.jar;C:\Users\Macie\.m2\repository\org\junit\jupiter\junit-jupiter-api\5.10.0\junit-jupiter-api-5.10.0.jar;C:\Users\Macie\.m2\repository\org\opentest4j\opentest4j\1.3.0\opentest4j-1.3.0.jar;C:\Users\Macie\.m2\repository\org\junit\platform\junit-platform-commons\1.10.0\junit-platform-commons-1.10.0.jar;C:\Users\Macie\.m2\repository\org\apiguardian\apiguardian-api\1.1.2\apiguardian-api-1.1.2.jar;C:\Users\Macie\.m2\repository\org\junit\jupiter\junit-jupiter-params\5.10.0\junit-jupiter-params-5.10.0.jar;C:\Users\Macie\.m2\repository\org\junit\jupiter\junit-jupiter-engine\5.10.0\junit-jupiter-engine-5.10.0.jar;C:\Users\Macie\.m2\repository\org\junit\platform\junit-platform-engine\1.10.0\junit-platform-engine-1.10.0.jar;C:\Users\Macie\.m2\repository\org\mockito\mockito-core\4.11.0\mockito-core-4.11.0.jar;C:\Users\Macie\.m2\repository\net\bytebuddy\byte-buddy\1.12.19\byte-buddy-1.12.19.jar;C:\Users\Macie\.m2\repository\net\bytebuddy\byte-buddy-agent\1.12.19\byte-buddy-agent-1.12.19.jar;C:\Users\Macie\.m2\repository\org\objenesis\objenesis\3.3\objenesis-3.3.jar;"/>
    <property name="sun.cpu.endian" value="little"/>
    <property name="user.home" value="C:\Users\Macie"/>
    <property name="user.language" value="pl"/>
    <property name="java.specification.vendor" value="Oracle Corporation"/>
    <property name="java.version.date" value="2024-10-15"/>
    <property name="java.home" value="C:\Program Files\Java\jdk-21"/>
    <property name="file.separator" value="\"/>
    <property name="basedir" value="C:\Users\Macie\IdeaProjects\java_studia"/>
    <property name="java.vm.compressedOopsMode" value="Zero based"/>
    <property name="line.separator" value="&#10;"/>
    <property name="java.vm.specification.vendor" value="Oracle Corporation"/>
    <property name="java.specification.name" value="Java Platform API Specification"/>
    <property name="surefire.real.class.path" value="C:\Users\Macie\AppData\Local\Temp\surefire18219333205649126730\surefirebooter-20241120202533642_3.jar"/>
    <property name="user.script" value=""/>
    <property name="sun.management.compiler" value="HotSpot 64-Bit Tiered Compilers"/>
    <property name="java.runtime.version" value="21.0.5+9-LTS-239"/>
    <property name="user.name" value="Macie"/>
    <property name="stdout.encoding" value="Cp1250"/>
    <property name="path.separator" value=";"/>
    <property name="os.version" value="10.0"/>
    <property name="java.runtime.name" value="Java(TM) SE Runtime Environment"/>
    <property name="file.encoding" value="UTF-8"/>
    <property name="java.vm.name" value="Java HotSpot(TM) 64-Bit Server VM"/>
    <property name="localRepository" value="C:\Users\Macie\.m2\repository"/>
    <property name="java.vendor.url.bug" value="https://bugreport.java.com/bugreport/"/>
    <property name="java.io.tmpdir" value="C:\Users\Macie\AppData\Local\Temp\"/>
    <property name="java.version" value="21.0.5"/>
    <property name="user.dir" value="C:\Users\Macie\IdeaProjects\java_studia"/>
    <property name="os.arch" value="amd64"/>
    <property name="java.vm.specification.name" value="Java Virtual Machine Specification"/>
    <property name="sun.os.patch.level" value=""/>
    <property name="native.encoding" value="Cp1250"/>
    <property name="java.library.path" value="C:\Program Files\Java\jdk-21\bin;C:\Windows\Sun\Java\bin;C:\Windows\system32;C:\Windows;C:\Program Files\Common Files\Oracle\Java\javapath;C:\Program Files (x86)\Common Files\Oracle\Java\java8path;C:\Program Files (x86)\Common Files\Oracle\Java\javapath;C:\Python312\Scripts\;C:\Python312\;C:\Windows\system32;C:\Windows;C:\Windows\System32\Wbem;C:\Windows\System32\WindowsPowerShell\v1.0\;C:\Windows\System32\OpenSSH\;C:\Program Files\NVIDIA Corporation\NVIDIA NvDLISR;C:\Program Files (x86)\NVIDIA Corporation\PhysX\Common;C:\Program Files\Microsoft SQL Server\150\Tools\Binn\;C:\Program Files\Microsoft SQL Server\Client SDK\ODBC\170\Tools\Binn\;C:\Program Files\dotnet\;C:\Program Files (x86)\Windows Kits\10\Windows Performance Toolkit\;C:\Windows\System32\Wbem;C:\Windows\System32\Wbem;C:\Windows\System32\Wbem;C:\ProgramData\chocolatey\bin;C:\Program Files\Git\cmd;C:\Users\Macie\AppData\Local\Microsoft\WindowsApps;C:\Users\Macie\AppData\Local\Programs\Microsoft VS Code\bin;C:\msys64\ucrt64\bin;C:\freeglut\bin\x64\freeglut.dll;C:\Users\Macie\.dotnet\tools;C:\Users\Macie\AppData\Local\GitHubDesktop\bin;D:\Programming\apache-maven-3.9.9\bin;;."/>
    <property name="java.vm.info" value="mixed mode, sharing"/>
    <property name="stderr.encoding" value="Cp1250"/>
    <property name="java.vendor" value="Oracle Corporation"/>
    <property name="java.vm.version" value="21.0.5+9-LTS-239"/>
    <property name="sun.io.unicode.encoding" value="UnicodeLittle"/>
    <property name="java.class.version" value="65.0"/>
  </properties>
  <testcase name="testMainExecution" classname="MainTest" time="0.023">
    <system-out><![CDATA[Rysowanie figury:
Typ figury: Rectangle
Kolor figury: Red: 128, Green: 0, Blue: 0, Alpha: 0,40

Reprezentacja graficzna:
&amp#27;[38;2;128;0;0m* * &amp#27;[0m
&amp#27;[38;2;128;0;0m* * &amp#27;[0m
&amp#27;[38;2;128;0;0m* * &amp#27;[0m
&amp#27;[0m

Rysowanie figury:
Typ figury: Triangle
Kolor figury: Red: 255, Green: 128, Blue: 52, Alpha: 0,00

Reprezentacja graficzna:
  &amp#27;[38;2;255;128;52m* * &amp#27;[0m
 &amp#27;[38;2;255;128;52m* * * &amp#27;[0m
&amp#27;[38;2;255;128;52m* * * * * &amp#27;[0m
&amp#27;[0m

Rysowanie figury:
Typ figury: Rectangle
Kolor figury: Red: 0, Green: 255, Blue: 0, Alpha: 0,70

Reprezentacja graficzna:
&amp#27;[38;2;0;255;0m* * * * * &amp#27;[0m
&amp#27;[38;2;0;255;0m* * * * * &amp#27;[0m
&amp#27;[38;2;0;255;0m* * * * * &amp#27;[0m
&amp#27;[38;2;0;255;0m* * * * * &amp#27;[0m
&amp#27;[38;2;0;255;0m* * * * * &amp#27;[0m
&amp#27;[0m

Rysowanie figury:
Typ figury: Triangle
Kolor figury: Red: 0, Green: 0, Blue: 255, Alpha: 0,90

Reprezentacja graficzna:
   &amp#27;[38;2;0;0;255m* * &amp#27;[0m
  &amp#27;[38;2;0;0;255m* * * * &amp#27;[0m
 &amp#27;[38;2;0;0;255m* * * * * &amp#27;[0m
&amp#27;[38;2;0;0;255m* * * * * * * &amp#27;[0m
&amp#27;[0m

Rysowanie figury:
Typ figury: Rectangle
Kolor figury: Red: 255, Green: 255, Blue: 0, Alpha: 0,50

Reprezentacja graficzna:
&amp#27;[38;2;255;255;0m* * * * * * * &amp#27;[0m
&amp#27;[38;2;255;255;0m* * * * * * * &amp#27;[0m
&amp#27;[38;2;255;255;0m* * * * * * * &amp#27;[0m
&amp#27;[38;2;255;255;0m* * * * * * * &amp#27;[0m
&amp#27;[38;2;255;255;0m* * * * * * * &amp#27;[0m
&amp#27;[38;2;255;255;0m* * * * * * * &amp#27;[0m
&amp#27;[38;2;255;255;0m* * * * * * * &amp#27;[0m
&amp#27;[38;2;255;255;0m* * * * * * * &amp#27;[0m
&amp#27;[0m

Rysowanie figury:
Typ figury: Triangle
Kolor figury: Red: 128, Green: 128, Blue: 128, Alpha: 1,00

Reprezentacja graficzna:
    &amp#27;[38;2;128;128;128m* * &amp#27;[0m
   &amp#27;[38;2;128;128;128m* * * * &amp#27;[0m
  &amp#27;[38;2;128;128;128m* * * * * * &amp#27;[0m
 &amp#27;[38;2;128;128;128m* * * * * * * * &amp#27;[0m
&amp#27;[38;2;128;128;128m* * * * * * * * * * &amp#27;[0m
&amp#27;[0m

]]></system-out>
    <system-err><![CDATA[SLF4J: No SLF4J providers were found.
SLF4J: Defaulting to no-operation (NOP) logger implementation
SLF4J: See https://www.slf4j.org/codes.html#noProviders for further details.
]]></system-err>
  </testcase>
</testsuite>